2022-05-30 08:17:38,866 [INFO] start (ws_async_manager.py:54): [连接管理]程序启动...
2022-05-30 08:17:38,867 [INFO] run (ws_async_pool.py:34): [连接池]最大并发连接数: 1, 启动会话数: 1
2022-05-30 08:17:38,867 [INFO] new_connect (ws_async_manager.py:110): [连接管理]新会话启动中...
2022-05-30 08:17:38,867 [INFO] connect (ws_async_client.py:79): [ws连接]启动中...
2022-05-30 08:17:39,032 [INFO] identify (ws_async_client.py:113): [ws连接]鉴权中...
2022-05-30 08:17:39,033 [INFO] _send_heartbeat (ws_async_client.py:193): [ws连接]心跳检测启动...
2022-05-30 08:17:39,126 [INFO] on_message (ws_async_client.py:57): [ws连接]鉴权成功
2022-05-30 08:17:39,126 [INFO] on_message (ws_async_client.py:62): [ws连接]程序启动成功！
2022-05-30 08:17:58,155 [INFO] start_session (ws_async_manager.py:98): [连接管理]服务强行停止!
2022-05-30 08:18:59,854 [INFO] start (ws_async_manager.py:54): [连接管理]程序启动...
2022-05-30 08:18:59,855 [INFO] run (ws_async_pool.py:34): [连接池]最大并发连接数: 1, 启动会话数: 1
2022-05-30 08:18:59,855 [INFO] new_connect (ws_async_manager.py:110): [连接管理]新会话启动中...
2022-05-30 08:18:59,855 [INFO] connect (ws_async_client.py:79): [ws连接]启动中...
2022-05-30 08:19:00,036 [INFO] identify (ws_async_client.py:113): [ws连接]鉴权中...
2022-05-30 08:19:00,036 [INFO] _send_heartbeat (ws_async_client.py:193): [ws连接]心跳检测启动...
2022-05-30 08:19:00,138 [INFO] on_message (ws_async_client.py:57): [ws连接]鉴权成功
2022-05-30 08:19:00,138 [INFO] on_message (ws_async_client.py:62): [ws连接]程序启动成功！
2022-05-30 08:49:00,021 [INFO] on_close (ws_async_client.py:39): [ws连接]关闭, 返回码: 4009, 返回信息:Session timed out
2022-05-30 08:49:00,021 [INFO] run (ws_async_pool.py:34): [连接池]最大并发连接数: 1, 启动会话数: 1
2022-05-30 08:49:00,022 [INFO] new_connect (ws_async_manager.py:110): [连接管理]新会话启动中...
2022-05-30 08:49:00,022 [INFO] connect (ws_async_client.py:79): [ws连接]启动中...
2022-05-30 08:49:00,210 [INFO] reconnect (ws_async_client.py:146): [ws连接]重连启动...
2022-05-30 08:49:00,211 [INFO] _send_heartbeat (ws_async_client.py:193): [ws连接]心跳检测启动...
2022-05-30 09:02:13,219 [INFO] start_session (ws_async_manager.py:98): [连接管理]服务强行停止!
